# This file may be used to create an environment using:
# $ conda create --name <env> --file <this file>
# platform: osx-64
backports=1.0=py27_0
cloudpickle=0.2.2=py27_0
cymem=1.31.2=py27_0
decorator=4.0.11=py27_0
enum34=1.1.6=py27_0
get_terminal_size=1.0.0=py27_0
jupyter
matplotlib
mkl=2017.0.1=0
murmurhash=0.26.4=py27_0
numpy=1.11.3=py27_0
openssl=1.0.2j=0
path.py=10.0=py27_0
pathlib2=2.2.0=py27_0
pexpect=4.2.1=py27_0
pickleshare=0.7.4=py27_0
pip=9.0.1=py27_1
plac=0.9.6=py27_0
preshed=0.46.4=py27_0
prompt_toolkit=1.0.9=py27_0
ptyprocess=0.5.1=py27_0
pygments=2.1.3=py27_0
python=2.7.13=0
readline=6.2=2
scandir=1.4=py27_0
scikit-learn=0.18.1=np111py27_1
scipy=0.18.1=np111py27_1
semver=2.7.3=py27_0
setuptools=27.2.0=py27_0
simplegeneric=0.8.1=py27_1
six=1.10.0=py27_0
spacy=0.101.0=py27_0
sputnik=0.9.3=py27_1
sqlite=3.13.0=0
thinc=5.0.8=py27_0
tk=8.5.18=0
traitlets=4.3.1=py27_0
ujson=1.35=py27_0
wcwidth=0.1.7=py27_0
wheel=0.29.0=py27_0
zlib=1.2.8=3
